src/components/ProductGallery.tsx(2,28): error TS6133: 'useEffect' is declared but its value is never read.
src/pages/InfoproductsPage.tsx(2,56): error TS6133: 'Lock' is declared but its value is never read.
src/pages/RegisterPage.tsx(15,10): error TS6133: 'success' is declared but its value is never read.
src/pages/RegisterPage.tsx(15,19): error TS6133: 'setSuccess' is declared but its value is never read.
